toxi-radio-android/app/build/outputs/mapping/release/seeds.txt
media.toxi.radio.RadioService
media.toxi.radio.MainActivity
media.toxi.radio.CastOptionsProvider
media.toxi.radio.CastOptionsProvider: CastOptionsProvider()
media.toxi.radio.CastOptionsProvider: com.google.android.gms.cast.framework.CastOptions getCastOptions(android.content.Context)
media.toxi.radio.CastOptionsProvider: java.util.List getAdditionalSessionProviders(android.content.Context)
media.toxi.radio.RadioService: RadioService()
media.toxi.radio.MainActivity: MainActivity()
...
androidx.media3.exoplayer.audio.SilenceSkippingAudioProcessor: float silenceRetentionRatio
androidx.media3.exoplayer.trackselection.DefaultTrackSelector$Parameters: java.lang.String FIELD_ALLOW_AUDIO_MIXED_MIME_TYPE_ADAPTIVENESS
androidx.media3.exoplayer.hls.R$dimen: int notification_action_icon_size
androidx.media3.exoplayer.source.ProgressiveMediaSource$Factory: androidx.media3.exoplayer.upstream.LoadErrorHandlingPolicy loadErrorHandlingPolicy
androidx.media3.extractor.text.webvtt.WebvttCueParser$StartTag: java.lang.String voice
androidx.media3.extractor.amr.AmrExtractor: boolean hasOutputSeekMap
androidx.media3.exoplayer.video.spherical.SphericalGLSurfaceView$Renderer: float[] deviceOrientationMatrix
androidx.media3.extractor.FlacStreamMetadata$SeekTable: long[] pointSampleNumbers
androidx.media3.exoplayer.trackselection.DefaultTrackSelector$Parameters: java.lang.String FIELD_ALLOW_VIDEO_MIXED_DECODER_SUPPORT_ADAPTIVENESS
androidx.media3.exoplayer.analytics.AnalyticsListener: int EVENT_VIDEO_DECODER_INITIALIZED
androidx.media3.extractor.mkv.MatroskaExtractor$Track: int number
androidx.media3.ui.PlayerView: int imageDisplayMode
androidx.media3.exoplayer.offline.Download: int failureReason
androidx.media3.common.Player: int COMMAND_SET_TRACK_SELECTION_PARAMETERS
androidx.media3.extractor.ConstantBitrateSeekMap: boolean allowSeeksIfLengthUnknown
androidx.media3.extractor.mp4.AtomParsers$TkhdData: int rotationDegrees
androidx.media3.common.ColorInfo: int colorTransfer
androidx.media3.exoplayer.hls.HlsMediaChunk: android.net.Uri playlistUrl
androidx.media3.extractor.metadata.id3.ChapterTocFrame: java.lang.String[] children
androidx.media3.extractor.mp4.AtomParsers$Stz2SampleSizeBox: int sampleCount
android.support.v4.media.MediaDescriptionCompat: android.os.Parcelable$Creator CREATOR
androidx.media3.cast.R$styleable: int FontFamily_fontProviderFetchStrategy
androidx.media3.exoplayer.source.ConcatenatingMediaSource2: java.util.IdentityHashMap mediaSourceByMediaPeriod
androidx.media3.cast.R$attr: int castAdInProgressLabelTextAppearance
androidx.media3.cast.R$drawable: int ic_group_collapse_05
androidx.media3.extractor.text.SubtitleExtractor$Sample: long timeUs
com.google.android.gms.internal.cast.zzno: com.google.android.gms.internal.cast.zzgu zzs
androidx.media3.common.util.TimedValueQueue: int first
androidx.media3.exoplayer.offline.Download: int STATE_FAILED
androidx.media3.extractor.mkv.MatroskaExtractor$Track: int defaultSampleDurationNs
androidx.media3.container.NalUnitUtil: int[] scratchEscapePositions
androidx.media3.extractor.mkv.MatroskaExtractor$Track: float maxMasteringLuminance
androidx.media3.extractor.VorbisUtil$VorbisIdHeader: int bitrateMinimum
androidx.media3.exoplayer.video.VideoSink: int INPUT_TYPE_SURFACE
androidx.media3.ui.SubtitlePainter: android.text.TextPaint textPaint
androidx.media3.exoplayer.image.BitmapFactoryImageDecoder$1: androidx.media3.exoplayer.image.BitmapFactoryImageDecoder this$0
androidx.media3.extractor.text.ssa.SsaStyle$Format: int borderStyleIndex
androidx.media3.exoplayer.audio.DefaultAudioSink: androidx.media3.common.audio.AudioProcessingPipeline audioProcessingPipeline
androidx.media3.exoplayer.trackselection.AdaptiveTrackSelection$AdaptationCheckpoint: long totalBandwidth
androidx.media3.ui.R$string: int exo_controls_play_description
androidx.media3.datasource.cache.CacheDataSource: int CACHE_NOT_IGNORED
androidx.media3.ui.R$attr: int next_icon
com.google.android.gms.internal.cast.zzno: com.google.android.gms.internal.cast.zznu zzT
androidx.media3.extractor.text.cea.Cea708Decoder$CueInfoBuilder: int rowCount
androidx.media3.exoplayer.R$id: int async
androidx.media3.common.Player: int EVENT_POSITION_DISCONTINUITY
androidx.media3.extractor.AvcConfig: int bitdepthChroma
androidx.media3.cast.R$id: int tag_accessibility_actions
androidx.media3.exoplayer.mediacodec.MediaCodecRenderer: int RECONFIGURATION_STATE_NONE
androidx.media3.cast.R$drawable: int common_google_signin_btn_text_dark